<?xml version="1.0" encoding="UTF-8"?>
<!-- Generated by org.testng.reporters.JUnitXMLReporter -->
<testsuite ignored="0" hostname="DESKTOP-NLC07SB" failures="0" tests="6" name="Engagemate_xml" time="1094.702" errors="0" timestamp="2022-11-25T14:19:35 IST">
  <testcase classname="test_Enginee.Test_Engine" name="Login_PositiveSceanrio" time="28.418"/>
  <testcase classname="test_Enginee.Test_Engine" name="Login_NegativeSceanrio" time="48.913"/>
  <testcase classname="test_Enginee.Test_Engine" name="CreateAct_CorpoMem_PositiveScenario" time="577.416"/>
  <testcase classname="test_Enginee.Test_Engine" name="CreateAct_CorpoMem_NegativeScenario" time="144.036"/>
  <testcase classname="test_Enginee.Test_Engine" name="CloseOut_CorpoMem_PositiveScenario" time="205.871"/>
  <testcase classname="test_Enginee.Test_Engine" name="CloseOut_CorpoMem_NegativeScenario" time="90.011"/>
</testsuite> <!-- Engagemate_xml -->
